[2017-04-02 22:34:10.789] [INFO] [default] - Server started on port 8080
[2017-04-02 22:34:10.828] [INFO] [default] - Log level TRACE
[2017-04-02 22:34:17.764] [INFO] [default] - Request for / received.
[2017-04-02 22:34:17.768] [TRACE] [default] - About to route a request for /
[2017-04-02 22:34:17.768] [WARN] [default] - No request handler found for /
[2017-04-02 22:34:49.759] [INFO] [default] - Server started on port 8080
[2017-04-02 22:34:49.766] [INFO] [default] - Log level TRACE
[2017-04-02 22:34:51.548] [INFO] [default] - Request for / received.
[2017-04-02 22:34:51.553] [TRACE] [default] - About to route a request for /
[2017-04-02 22:34:51.554] [WARN] [default] - No request handler found for /
[2017-04-02 22:35:14.508] [INFO] [default] - Request for / received.
[2017-04-02 22:35:14.508] [TRACE] [default] - About to route a request for /
[2017-04-02 22:35:14.509] [WARN] [default] - No request handler found for /
[2017-04-02 22:36:13.000] [INFO] [default] - Server started on port 8080
[2017-04-02 22:36:13.006] [INFO] [default] - Log level TRACE
[2017-04-02 22:36:14.392] [INFO] [default] - Request for / received.
[2017-04-02 22:36:14.397] [TRACE] [default] - About to route a request for /
[2017-04-02 22:36:14.400] [INFO] [default] - Request handler 'start' was called
[2017-04-02 22:36:14.431] [INFO] [default] - Request for /css/test-roskvartal.css received.
[2017-04-02 22:36:14.436] [TRACE] [default] - About to route a request for /css/test-roskvartal.css
[2017-04-02 22:36:14.439] [WARN] [default] - No request handler found for /css/test-roskvartal.css
[2017-04-02 22:36:14.443] [INFO] [default] - Request for /js/app.js received.
[2017-04-02 22:36:14.444] [TRACE] [default] - About to route a request for /js/app.js
[2017-04-02 22:36:14.444] [WARN] [default] - No request handler found for /js/app.js
[2017-04-02 22:36:14.445] [INFO] [default] - Request for /js/controllers.js received.
[2017-04-02 22:36:14.445] [TRACE] [default] - About to route a request for /js/controllers.js
[2017-04-02 22:36:14.446] [WARN] [default] - No request handler found for /js/controllers.js
[2017-04-02 22:38:24.379] [INFO] [default] - Server started on port 8080
[2017-04-02 22:38:24.386] [INFO] [default] - Log level TRACE
[2017-04-02 22:38:55.269] [INFO] [default] - Request for / received.
[2017-04-02 22:38:55.277] [TRACE] [default] - About to route a request for /
[2017-04-02 22:38:55.277] [INFO] [default] - Request handler 'start' was called
[2017-04-02 22:38:55.309] [INFO] [default] - Request for /css/test-roskvartal.css received.
[2017-04-02 22:38:55.311] [TRACE] [default] - About to route a request for /css/test-roskvartal.css
[2017-04-02 22:38:55.312] [WARN] [default] - No request handler found for /css/test-roskvartal.css
[2017-04-02 22:38:55.314] [INFO] [default] - Request for /js/app.js received.
[2017-04-02 22:38:55.315] [TRACE] [default] - About to route a request for /js/app.js
[2017-04-02 22:38:55.316] [WARN] [default] - No request handler found for /js/app.js
[2017-04-02 22:38:55.316] [INFO] [default] - Request for /js/controllers.js received.
[2017-04-02 22:38:55.317] [TRACE] [default] - About to route a request for /js/controllers.js
[2017-04-02 22:38:55.320] [WARN] [default] - No request handler found for /js/controllers.js
[2017-04-02 22:38:59.384] [INFO] [default] - Server started on port 8080
[2017-04-02 22:38:59.390] [INFO] [default] - Log level TRACE
[2017-04-02 22:39:00.424] [INFO] [default] - Request for / received.
[2017-04-02 22:39:00.427] [TRACE] [default] - About to route a request for /
[2017-04-02 22:39:00.428] [INFO] [default] - Request handler 'start' was called
[2017-04-02 22:39:00.643] [INFO] [default] - Request for /css/test-roskvartal.css received.
[2017-04-02 22:39:00.644] [TRACE] [default] - About to route a request for /css/test-roskvartal.css
[2017-04-02 22:39:00.645] [WARN] [default] - No request handler found for /css/test-roskvartal.css
[2017-04-02 22:39:00.803] [INFO] [default] - Request for /js/app.js received.
[2017-04-02 22:39:00.804] [TRACE] [default] - About to route a request for /js/app.js
[2017-04-02 22:39:00.805] [WARN] [default] - No request handler found for /js/app.js
[2017-04-02 22:39:00.808] [INFO] [default] - Request for /js/controllers.js received.
[2017-04-02 22:39:00.808] [TRACE] [default] - About to route a request for /js/controllers.js
[2017-04-02 22:39:00.809] [WARN] [default] - No request handler found for /js/controllers.js
[2017-04-02 22:39:22.359] [INFO] [default] - Server started on port 8080
[2017-04-02 22:39:22.366] [INFO] [default] - Log level TRACE
[2017-04-02 22:39:23.955] [INFO] [default] - Request for / received.
[2017-04-02 22:39:23.958] [TRACE] [default] - About to route a request for /
[2017-04-02 22:39:23.959] [INFO] [default] - Request handler 'start' was called
[2017-04-02 22:39:24.205] [INFO] [default] - Request for /css/test-roskvartal.css received.
[2017-04-02 22:39:24.206] [TRACE] [default] - About to route a request for /css/test-roskvartal.css
[2017-04-02 22:39:24.206] [INFO] [default] - 'css/test-roskvartal.css' is requested
[2017-04-02 22:39:24.380] [INFO] [default] - Request for /js/app.js received.
[2017-04-02 22:39:24.381] [TRACE] [default] - About to route a request for /js/app.js
[2017-04-02 22:39:24.382] [WARN] [default] - No request handler found for /js/app.js
[2017-04-02 22:39:24.386] [INFO] [default] - Request for /js/controllers.js received.
[2017-04-02 22:39:24.387] [TRACE] [default] - About to route a request for /js/controllers.js
[2017-04-02 22:39:24.388] [WARN] [default] - No request handler found for /js/controllers.js
[2017-04-02 22:39:45.827] [INFO] [default] - Server started on port 8080
[2017-04-02 22:39:45.833] [INFO] [default] - Log level TRACE
[2017-04-02 22:39:47.209] [INFO] [default] - Request for / received.
[2017-04-02 22:39:47.211] [TRACE] [default] - About to route a request for /
[2017-04-02 22:39:47.212] [INFO] [default] - Request handler 'start' was called
[2017-04-02 22:39:47.459] [INFO] [default] - Request for /css/test-roskvartal.css received.
[2017-04-02 22:39:47.459] [TRACE] [default] - About to route a request for /css/test-roskvartal.css
[2017-04-02 22:39:47.461] [INFO] [default] - 'css/test-roskvartal.css' is requested
[2017-04-02 22:39:47.606] [INFO] [default] - Request for /js/app.js received.
[2017-04-02 22:39:47.607] [TRACE] [default] - About to route a request for /js/app.js
[2017-04-02 22:39:47.608] [WARN] [default] - No request handler found for /js/app.js
[2017-04-02 22:39:47.611] [INFO] [default] - Request for /js/controllers.js received.
[2017-04-02 22:39:47.612] [TRACE] [default] - About to route a request for /js/controllers.js
[2017-04-02 22:39:47.613] [WARN] [default] - No request handler found for /js/controllers.js
[2017-04-02 22:41:55.933] [INFO] [default] - Request for / received.
[2017-04-02 22:41:55.934] [TRACE] [default] - About to route a request for /
[2017-04-02 22:41:55.935] [INFO] [default] - Request handler 'start' was called
[2017-04-02 22:41:56.004] [INFO] [default] - Request for /css/test-roskvartal.css received.
[2017-04-02 22:41:56.007] [TRACE] [default] - About to route a request for /css/test-roskvartal.css
[2017-04-02 22:41:56.007] [INFO] [default] - 'css/test-roskvartal.css' is requested
[2017-04-02 22:41:56.008] [INFO] [default] - Request for /js/app.js received.
[2017-04-02 22:41:56.009] [TRACE] [default] - About to route a request for /js/app.js
[2017-04-02 22:41:56.009] [WARN] [default] - No request handler found for /js/app.js
[2017-04-02 22:41:56.010] [INFO] [default] - Request for /js/controllers.js received.
[2017-04-02 22:41:56.013] [TRACE] [default] - About to route a request for /js/controllers.js
[2017-04-02 22:41:56.016] [WARN] [default] - No request handler found for /js/controllers.js
[2017-04-02 22:41:56.135] [INFO] [default] - Request for /js/app.js received.
[2017-04-02 22:41:56.136] [TRACE] [default] - About to route a request for /js/app.js
[2017-04-02 22:41:56.136] [WARN] [default] - No request handler found for /js/app.js
[2017-04-02 22:41:56.158] [INFO] [default] - Request for /js/controllers.js received.
[2017-04-02 22:41:56.158] [TRACE] [default] - About to route a request for /js/controllers.js
[2017-04-02 22:41:56.159] [WARN] [default] - No request handler found for /js/controllers.js
[2017-04-02 22:41:56.282] [INFO] [default] - Request for /favicon.ico received.
[2017-04-02 22:41:56.283] [TRACE] [default] - About to route a request for /favicon.ico
[2017-04-02 22:41:56.283] [WARN] [default] - No request handler found for /favicon.ico
[2017-04-02 22:41:56.292] [INFO] [default] - Request for /favicon.ico received.
[2017-04-02 22:41:56.292] [TRACE] [default] - About to route a request for /favicon.ico
[2017-04-02 22:41:56.293] [WARN] [default] - No request handler found for /favicon.ico
[2017-04-02 22:45:48.370] [INFO] [default] - Request for /css/test-roskvartal.css received.
[2017-04-02 22:45:48.371] [TRACE] [default] - About to route a request for /css/test-roskvartal.css
[2017-04-02 22:45:48.371] [INFO] [default] - 'css/test-roskvartal.css' is requested
[2017-04-02 22:46:25.334] [INFO] [default] - Server started on port 8080
[2017-04-02 22:46:25.340] [INFO] [default] - Log level TRACE
[2017-04-02 22:46:27.620] [INFO] [default] - Request for / received.
[2017-04-02 22:46:27.624] [TRACE] [default] - About to route a request for /
[2017-04-02 22:46:27.625] [INFO] [default] - Request handler 'start' was called
[2017-04-02 22:46:27.839] [INFO] [default] - Request for /css/test-roskvartal.css received.
[2017-04-02 22:46:27.841] [TRACE] [default] - About to route a request for /css/test-roskvartal.css
[2017-04-02 22:46:27.842] [INFO] [default] - 'css/test-roskvartal.css' is requested
[2017-04-02 22:46:27.905] [INFO] [default] - Request for /img/logo.png received.
[2017-04-02 22:46:27.906] [TRACE] [default] - About to route a request for /img/logo.png
[2017-04-02 22:46:27.907] [WARN] [default] - No request handler found for /img/logo.png
[2017-04-02 22:46:27.910] [INFO] [default] - Request for /img/cover.jpg received.
[2017-04-02 22:46:27.911] [TRACE] [default] - About to route a request for /img/cover.jpg
[2017-04-02 22:46:27.911] [WARN] [default] - No request handler found for /img/cover.jpg
[2017-04-02 22:46:27.915] [INFO] [default] - Request for /img/next.png received.
[2017-04-02 22:46:27.917] [TRACE] [default] - About to route a request for /img/next.png
[2017-04-02 22:46:27.917] [WARN] [default] - No request handler found for /img/next.png
[2017-04-02 22:46:27.918] [INFO] [default] - Request for /img/footer.png received.
[2017-04-02 22:46:27.918] [TRACE] [default] - About to route a request for /img/footer.png
[2017-04-02 22:46:27.919] [WARN] [default] - No request handler found for /img/footer.png
[2017-04-02 22:46:27.920] [INFO] [default] - Request for /img/soc_vk.png received.
[2017-04-02 22:46:27.920] [TRACE] [default] - About to route a request for /img/soc_vk.png
[2017-04-02 22:46:27.920] [WARN] [default] - No request handler found for /img/soc_vk.png
[2017-04-02 22:46:27.921] [INFO] [default] - Request for /img/soc_facebook.png received.
[2017-04-02 22:46:27.922] [TRACE] [default] - About to route a request for /img/soc_facebook.png
[2017-04-02 22:46:27.922] [WARN] [default] - No request handler found for /img/soc_facebook.png
[2017-04-02 22:46:27.923] [INFO] [default] - Request for /img/soc_ig.png received.
[2017-04-02 22:46:27.923] [TRACE] [default] - About to route a request for /img/soc_ig.png
[2017-04-02 22:46:27.924] [WARN] [default] - No request handler found for /img/soc_ig.png
[2017-04-02 22:46:27.924] [INFO] [default] - Request for /img/soc_youtube.png received.
[2017-04-02 22:46:27.925] [TRACE] [default] - About to route a request for /img/soc_youtube.png
[2017-04-02 22:46:27.925] [WARN] [default] - No request handler found for /img/soc_youtube.png
[2017-04-02 22:46:28.002] [INFO] [default] - Request for /js/app.js received.
[2017-04-02 22:46:28.003] [TRACE] [default] - About to route a request for /js/app.js
[2017-04-02 22:46:28.004] [WARN] [default] - No request handler found for /js/app.js
[2017-04-02 22:46:28.007] [INFO] [default] - Request for /js/controllers.js received.
[2017-04-02 22:46:28.007] [TRACE] [default] - About to route a request for /js/controllers.js
[2017-04-02 22:46:28.008] [WARN] [default] - No request handler found for /js/controllers.js
[2017-04-02 22:51:49.237] [INFO] [default] - Server started on port 8080
[2017-04-02 22:51:49.243] [INFO] [default] - Log level TRACE
[2017-04-02 22:51:50.904] [INFO] [default] - Request for / received.
[2017-04-02 22:51:50.907] [TRACE] [default] - About to route a request for /
[2017-04-02 22:51:50.907] [INFO] [default] - Request handler 'start' was called
[2017-04-02 22:51:51.227] [INFO] [default] - Request for /css/test-roskvartal.css received.
[2017-04-02 22:51:51.228] [TRACE] [default] - About to route a request for /css/test-roskvartal.css
[2017-04-02 22:51:51.230] [INFO] [default] - 'css/test-roskvartal.css' is requested
[2017-04-02 22:51:51.295] [INFO] [default] - Request for /img/soc_ig.png received.
[2017-04-02 22:51:51.296] [TRACE] [default] - About to route a request for /img/soc_ig.png
[2017-04-02 22:51:51.296] [WARN] [default] - No request handler found for /img/soc_ig.png
[2017-04-02 22:51:51.297] [INFO] [default] - Request for /img/soc_youtube.png received.
[2017-04-02 22:51:51.298] [TRACE] [default] - About to route a request for /img/soc_youtube.png
[2017-04-02 22:51:51.299] [WARN] [default] - No request handler found for /img/soc_youtube.png
[2017-04-02 22:51:51.300] [INFO] [default] - Request for /img/soc_facebook.png received.
[2017-04-02 22:51:51.300] [TRACE] [default] - About to route a request for /img/soc_facebook.png
[2017-04-02 22:51:51.301] [WARN] [default] - No request handler found for /img/soc_facebook.png
[2017-04-02 22:51:51.301] [INFO] [default] - Request for /img/soc_vk.png received.
[2017-04-02 22:51:51.302] [TRACE] [default] - About to route a request for /img/soc_vk.png
[2017-04-02 22:51:51.302] [WARN] [default] - No request handler found for /img/soc_vk.png
[2017-04-02 22:51:51.303] [INFO] [default] - Request for /img/footer.png received.
[2017-04-02 22:51:51.303] [TRACE] [default] - About to route a request for /img/footer.png
[2017-04-02 22:51:51.303] [WARN] [default] - No request handler found for /img/footer.png
[2017-04-02 22:51:51.304] [INFO] [default] - Request for /img/next.png received.
[2017-04-02 22:51:51.309] [TRACE] [default] - About to route a request for /img/next.png
[2017-04-02 22:51:51.309] [WARN] [default] - No request handler found for /img/next.png
[2017-04-02 22:51:51.310] [INFO] [default] - Request for /img/cover.jpg received.
[2017-04-02 22:51:51.311] [TRACE] [default] - About to route a request for /img/cover.jpg
[2017-04-02 22:51:51.311] [WARN] [default] - No request handler found for /img/cover.jpg
[2017-04-02 22:51:51.312] [INFO] [default] - Request for /img/logo.png received.
[2017-04-02 22:51:51.312] [TRACE] [default] - About to route a request for /img/logo.png
[2017-04-02 22:51:51.313] [WARN] [default] - No request handler found for /img/logo.png
[2017-04-02 22:51:51.394] [INFO] [default] - Request for /js/controllers.js received.
[2017-04-02 22:51:51.395] [TRACE] [default] - About to route a request for /js/controllers.js
[2017-04-02 22:51:51.396] [INFO] [default] - 'js/controllers.js' is requested
[2017-04-02 22:55:49.574] [INFO] [default] - Server started on port 8080
[2017-04-02 22:55:49.580] [INFO] [default] - Log level TRACE
[2017-04-02 22:55:50.840] [INFO] [default] - Request for / received.
[2017-04-02 22:55:50.842] [TRACE] [default] - About to route a request for /
[2017-04-02 22:55:50.843] [INFO] [default] - Request handler 'start' was called
[2017-04-02 22:55:51.092] [INFO] [default] - Request for /css/test-roskvartal.css received.
[2017-04-02 22:55:51.093] [TRACE] [default] - About to route a request for /css/test-roskvartal.css
[2017-04-02 22:55:51.094] [INFO] [default] - 'css/test-roskvartal.css' is requested
[2017-04-02 22:55:51.168] [INFO] [default] - Request for /img/logo.png received.
[2017-04-02 22:55:51.169] [TRACE] [default] - About to route a request for /img/logo.png
[2017-04-02 22:55:51.171] [WARN] [default] - No request handler found for /img/logo.png
[2017-04-02 22:55:51.173] [INFO] [default] - Request for /img/cover.jpg received.
[2017-04-02 22:55:51.173] [TRACE] [default] - About to route a request for /img/cover.jpg
[2017-04-02 22:55:51.174] [WARN] [default] - No request handler found for /img/cover.jpg
[2017-04-02 22:55:51.175] [INFO] [default] - Request for /img/next.png received.
[2017-04-02 22:55:51.176] [TRACE] [default] - About to route a request for /img/next.png
[2017-04-02 22:55:51.176] [WARN] [default] - No request handler found for /img/next.png
[2017-04-02 22:55:51.178] [INFO] [default] - Request for /img/footer.png received.
[2017-04-02 22:55:51.180] [TRACE] [default] - About to route a request for /img/footer.png
[2017-04-02 22:55:51.180] [WARN] [default] - No request handler found for /img/footer.png
[2017-04-02 22:55:51.181] [INFO] [default] - Request for /img/soc_facebook.png received.
[2017-04-02 22:55:51.182] [TRACE] [default] - About to route a request for /img/soc_facebook.png
[2017-04-02 22:55:51.182] [WARN] [default] - No request handler found for /img/soc_facebook.png
[2017-04-02 22:55:51.183] [INFO] [default] - Request for /img/soc_youtube.png received.
[2017-04-02 22:55:51.184] [TRACE] [default] - About to route a request for /img/soc_youtube.png
[2017-04-02 22:55:51.184] [WARN] [default] - No request handler found for /img/soc_youtube.png
[2017-04-02 22:55:51.185] [INFO] [default] - Request for /img/soc_vk.png received.
[2017-04-02 22:55:51.187] [TRACE] [default] - About to route a request for /img/soc_vk.png
[2017-04-02 22:55:51.187] [WARN] [default] - No request handler found for /img/soc_vk.png
[2017-04-02 22:55:51.188] [INFO] [default] - Request for /img/soc_ig.png received.
[2017-04-02 22:55:51.191] [TRACE] [default] - About to route a request for /img/soc_ig.png
[2017-04-02 22:55:51.192] [WARN] [default] - No request handler found for /img/soc_ig.png
[2017-04-02 22:55:51.282] [INFO] [default] - Request for /js/controllers.js received.
[2017-04-02 22:55:51.283] [TRACE] [default] - About to route a request for /js/controllers.js
[2017-04-02 22:55:51.284] [INFO] [default] - 'js/controllers.js' is requested
[2017-04-02 22:56:57.606] [INFO] [default] - Server started on port 8080
[2017-04-02 22:56:57.612] [INFO] [default] - Log level TRACE
[2017-04-02 22:56:57.960] [INFO] [default] - Request for / received.
[2017-04-02 22:56:57.963] [TRACE] [default] - About to route a request for /
[2017-04-02 22:56:57.964] [INFO] [default] - Request handler 'start' was called
[2017-04-02 22:56:58.192] [INFO] [default] - Request for /css/test-roskvartal.css received.
[2017-04-02 22:56:58.193] [TRACE] [default] - About to route a request for /css/test-roskvartal.css
[2017-04-02 22:56:58.193] [INFO] [default] - 'css/test-roskvartal.css' is requested
[2017-04-02 22:56:58.274] [INFO] [default] - Request for /img/soc_ig.png received.
[2017-04-02 22:56:58.274] [TRACE] [default] - About to route a request for /img/soc_ig.png
[2017-04-02 22:56:58.275] [WARN] [default] - No request handler found for /img/soc_ig.png
[2017-04-02 22:56:58.275] [INFO] [default] - Request for /img/soc_youtube.png received.
[2017-04-02 22:56:58.276] [TRACE] [default] - About to route a request for /img/soc_youtube.png
[2017-04-02 22:56:58.276] [WARN] [default] - No request handler found for /img/soc_youtube.png
[2017-04-02 22:56:58.277] [INFO] [default] - Request for /img/logo.png received.
[2017-04-02 22:56:58.278] [TRACE] [default] - About to route a request for /img/logo.png
[2017-04-02 22:56:58.278] [WARN] [default] - No request handler found for /img/logo.png
[2017-04-02 22:56:58.279] [INFO] [default] - Request for /img/soc_facebook.png received.
[2017-04-02 22:56:58.279] [TRACE] [default] - About to route a request for /img/soc_facebook.png
[2017-04-02 22:56:58.280] [WARN] [default] - No request handler found for /img/soc_facebook.png
[2017-04-02 22:56:58.281] [INFO] [default] - Request for /img/soc_vk.png received.
[2017-04-02 22:56:58.281] [TRACE] [default] - About to route a request for /img/soc_vk.png
[2017-04-02 22:56:58.281] [WARN] [default] - No request handler found for /img/soc_vk.png
[2017-04-02 22:56:58.282] [INFO] [default] - Request for /img/footer.png received.
[2017-04-02 22:56:58.286] [TRACE] [default] - About to route a request for /img/footer.png
[2017-04-02 22:56:58.287] [WARN] [default] - No request handler found for /img/footer.png
[2017-04-02 22:56:58.288] [INFO] [default] - Request for /img/next.png received.
[2017-04-02 22:56:58.288] [TRACE] [default] - About to route a request for /img/next.png
[2017-04-02 22:56:58.289] [WARN] [default] - No request handler found for /img/next.png
[2017-04-02 22:56:58.289] [INFO] [default] - Request for /img/cover.jpg received.
[2017-04-02 22:56:58.290] [TRACE] [default] - About to route a request for /img/cover.jpg
[2017-04-02 22:56:58.290] [WARN] [default] - No request handler found for /img/cover.jpg
[2017-04-02 22:56:58.384] [INFO] [default] - Request for /js/controllers.js received.
[2017-04-02 22:56:58.386] [TRACE] [default] - About to route a request for /js/controllers.js
[2017-04-02 22:56:58.387] [INFO] [default] - 'js/controllers.js' is requested
[2017-04-02 22:57:02.408] [INFO] [default] - Request for / received.
[2017-04-02 22:57:02.409] [TRACE] [default] - About to route a request for /
[2017-04-02 22:57:02.409] [INFO] [default] - Request handler 'start' was called
[2017-04-02 22:57:02.675] [INFO] [default] - Request for /img/cover.jpg received.
[2017-04-02 22:57:02.676] [TRACE] [default] - About to route a request for /img/cover.jpg
[2017-04-02 22:57:02.678] [WARN] [default] - No request handler found for /img/cover.jpg
[2017-04-02 22:57:02.678] [INFO] [default] - Request for /img/next.png received.
[2017-04-02 22:57:02.681] [TRACE] [default] - About to route a request for /img/next.png
[2017-04-02 22:57:02.681] [WARN] [default] - No request handler found for /img/next.png
[2017-04-02 22:57:02.681] [INFO] [default] - Request for /img/logo.png received.
[2017-04-02 22:57:02.682] [TRACE] [default] - About to route a request for /img/logo.png
[2017-04-02 22:57:02.686] [WARN] [default] - No request handler found for /img/logo.png
[2017-04-02 22:57:02.687] [INFO] [default] - Request for /img/soc_vk.png received.
[2017-04-02 22:57:02.690] [TRACE] [default] - About to route a request for /img/soc_vk.png
[2017-04-02 22:57:02.690] [WARN] [default] - No request handler found for /img/soc_vk.png
[2017-04-02 22:57:02.691] [INFO] [default] - Request for /img/footer.png received.
[2017-04-02 22:57:02.692] [TRACE] [default] - About to route a request for /img/footer.png
[2017-04-02 22:57:02.692] [WARN] [default] - No request handler found for /img/footer.png
[2017-04-02 22:57:02.693] [INFO] [default] - Request for /img/soc_ig.png received.
[2017-04-02 22:57:02.694] [TRACE] [default] - About to route a request for /img/soc_ig.png
[2017-04-02 22:57:02.694] [WARN] [default] - No request handler found for /img/soc_ig.png
[2017-04-02 22:57:02.694] [INFO] [default] - Request for /img/soc_facebook.png received.
[2017-04-02 22:57:02.697] [TRACE] [default] - About to route a request for /img/soc_facebook.png
[2017-04-02 22:57:02.697] [WARN] [default] - No request handler found for /img/soc_facebook.png
[2017-04-02 22:57:02.700] [INFO] [default] - Request for /img/soc_youtube.png received.
[2017-04-02 22:57:02.703] [TRACE] [default] - About to route a request for /img/soc_youtube.png
[2017-04-02 22:57:02.704] [WARN] [default] - No request handler found for /img/soc_youtube.png
[2017-04-02 22:57:19.172] [INFO] [default] - Server started on port 8080
[2017-04-02 22:57:19.179] [INFO] [default] - Log level TRACE
[2017-04-02 22:57:20.815] [INFO] [default] - Request for / received.
[2017-04-02 22:57:20.818] [TRACE] [default] - About to route a request for /
[2017-04-02 22:57:20.819] [INFO] [default] - Request handler 'start' was called
[2017-04-02 22:57:21.060] [INFO] [default] - Request for /css/test-roskvartal.css received.
[2017-04-02 22:57:21.061] [TRACE] [default] - About to route a request for /css/test-roskvartal.css
[2017-04-02 22:57:21.062] [INFO] [default] - 'css/test-roskvartal.css' is requested
[2017-04-02 22:57:21.133] [INFO] [default] - Request for /img/soc_facebook.png received.
[2017-04-02 22:57:21.134] [TRACE] [default] - About to route a request for /img/soc_facebook.png
[2017-04-02 22:57:21.135] [WARN] [default] - No request handler found for /img/soc_facebook.png
[2017-04-02 22:57:21.136] [INFO] [default] - Request for /img/soc_youtube.png received.
[2017-04-02 22:57:21.136] [TRACE] [default] - About to route a request for /img/soc_youtube.png
[2017-04-02 22:57:21.137] [WARN] [default] - No request handler found for /img/soc_youtube.png
[2017-04-02 22:57:21.140] [INFO] [default] - Request for /img/soc_vk.png received.
[2017-04-02 22:57:21.141] [TRACE] [default] - About to route a request for /img/soc_vk.png
[2017-04-02 22:57:21.141] [WARN] [default] - No request handler found for /img/soc_vk.png
[2017-04-02 22:57:21.141] [INFO] [default] - Request for /img/footer.png received.
[2017-04-02 22:57:21.142] [TRACE] [default] - About to route a request for /img/footer.png
[2017-04-02 22:57:21.142] [WARN] [default] - No request handler found for /img/footer.png
[2017-04-02 22:57:21.146] [INFO] [default] - Request for /img/logo.png received.
[2017-04-02 22:57:21.146] [TRACE] [default] - About to route a request for /img/logo.png
[2017-04-02 22:57:21.147] [INFO] [default] - 'img/logo.png' is requested
[2017-04-02 22:57:21.147] [INFO] [default] - Request for /img/next.png received.
[2017-04-02 22:57:21.149] [TRACE] [default] - About to route a request for /img/next.png
[2017-04-02 22:57:21.150] [WARN] [default] - No request handler found for /img/next.png
[2017-04-02 22:57:21.152] [INFO] [default] - Request for /img/soc_ig.png received.
[2017-04-02 22:57:21.152] [TRACE] [default] - About to route a request for /img/soc_ig.png
[2017-04-02 22:57:21.152] [WARN] [default] - No request handler found for /img/soc_ig.png
[2017-04-02 22:57:21.153] [INFO] [default] - Request for /img/cover.jpg received.
[2017-04-02 22:57:21.153] [TRACE] [default] - About to route a request for /img/cover.jpg
[2017-04-02 22:57:21.156] [WARN] [default] - No request handler found for /img/cover.jpg
[2017-04-02 22:57:21.273] [INFO] [default] - Request for /js/controllers.js received.
[2017-04-02 22:57:21.274] [TRACE] [default] - About to route a request for /js/controllers.js
[2017-04-02 22:57:21.275] [INFO] [default] - 'js/controllers.js' is requested
[2017-04-02 22:58:52.795] [INFO] [default] - Request for / received.
[2017-04-02 22:58:52.797] [TRACE] [default] - About to route a request for /
[2017-04-02 22:58:52.798] [INFO] [default] - Request handler 'start' was called
[2017-04-02 22:58:53.038] [INFO] [default] - Request for /css/test-roskvartal.css received.
[2017-04-02 22:58:53.039] [TRACE] [default] - About to route a request for /css/test-roskvartal.css
[2017-04-02 22:58:53.039] [INFO] [default] - 'css/test-roskvartal.css' is requested
[2017-04-02 22:58:53.111] [INFO] [default] - Request for /img/next.png received.
[2017-04-02 22:58:53.112] [TRACE] [default] - About to route a request for /img/next.png
[2017-04-02 22:58:53.112] [WARN] [default] - No request handler found for /img/next.png
[2017-04-02 22:58:53.114] [INFO] [default] - Request for /img/soc_ig.png received.
[2017-04-02 22:58:53.116] [TRACE] [default] - About to route a request for /img/soc_ig.png
[2017-04-02 22:58:53.116] [WARN] [default] - No request handler found for /img/soc_ig.png
[2017-04-02 22:58:53.118] [INFO] [default] - Request for /img/cover.jpg received.
[2017-04-02 22:58:53.120] [TRACE] [default] - About to route a request for /img/cover.jpg
[2017-04-02 22:58:53.123] [WARN] [default] - No request handler found for /img/cover.jpg
[2017-04-02 22:58:53.123] [INFO] [default] - Request for /img/footer.png received.
[2017-04-02 22:58:53.124] [TRACE] [default] - About to route a request for /img/footer.png
[2017-04-02 22:58:53.125] [WARN] [default] - No request handler found for /img/footer.png
[2017-04-02 22:58:53.125] [INFO] [default] - Request for /img/soc_vk.png received.
[2017-04-02 22:58:53.126] [TRACE] [default] - About to route a request for /img/soc_vk.png
[2017-04-02 22:58:53.126] [WARN] [default] - No request handler found for /img/soc_vk.png
[2017-04-02 22:58:53.127] [INFO] [default] - Request for /img/soc_youtube.png received.
[2017-04-02 22:58:53.127] [TRACE] [default] - About to route a request for /img/soc_youtube.png
[2017-04-02 22:58:53.128] [WARN] [default] - No request handler found for /img/soc_youtube.png
[2017-04-02 22:58:53.130] [INFO] [default] - Request for /img/logo.png received.
[2017-04-02 22:58:53.130] [TRACE] [default] - About to route a request for /img/logo.png
[2017-04-02 22:58:53.134] [INFO] [default] - 'img/logo.png' is requested
[2017-04-02 22:58:53.134] [INFO] [default] - Request for /img/soc_facebook.png received.
[2017-04-02 22:58:53.135] [TRACE] [default] - About to route a request for /img/soc_facebook.png
[2017-04-02 22:58:53.135] [WARN] [default] - No request handler found for /img/soc_facebook.png
[2017-04-02 22:58:53.243] [INFO] [default] - Request for /js/controllers.js received.
[2017-04-02 22:58:53.246] [TRACE] [default] - About to route a request for /js/controllers.js
[2017-04-02 22:58:53.246] [INFO] [default] - 'js/controllers.js' is requested
[2017-04-02 22:58:56.929] [INFO] [default] - Server started on port 8080
[2017-04-02 22:58:56.935] [INFO] [default] - Log level TRACE
[2017-04-02 22:58:59.444] [INFO] [default] - Request for / received.
[2017-04-02 22:58:59.447] [TRACE] [default] - About to route a request for /
[2017-04-02 22:58:59.447] [INFO] [default] - Request handler 'start' was called
[2017-04-02 22:58:59.718] [INFO] [default] - Request for /css/test-roskvartal.css received.
[2017-04-02 22:58:59.719] [TRACE] [default] - About to route a request for /css/test-roskvartal.css
[2017-04-02 22:58:59.720] [INFO] [default] - 'css/test-roskvartal.css' is requested
[2017-04-02 22:58:59.801] [INFO] [default] - Request for /img/logo.png received.
[2017-04-02 22:58:59.802] [TRACE] [default] - About to route a request for /img/logo.png
[2017-04-02 22:58:59.802] [INFO] [default] - 'img/logo.png' is requested
[2017-04-02 22:58:59.804] [INFO] [default] - Request for /img/soc_facebook.png received.
[2017-04-02 22:58:59.804] [TRACE] [default] - About to route a request for /img/soc_facebook.png
[2017-04-02 22:58:59.805] [WARN] [default] - No request handler found for /img/soc_facebook.png
[2017-04-02 22:58:59.806] [INFO] [default] - Request for /img/soc_vk.png received.
[2017-04-02 22:58:59.806] [TRACE] [default] - About to route a request for /img/soc_vk.png
[2017-04-02 22:58:59.807] [WARN] [default] - No request handler found for /img/soc_vk.png
[2017-04-02 22:58:59.807] [INFO] [default] - Request for /img/footer.png received.
[2017-04-02 22:58:59.808] [TRACE] [default] - About to route a request for /img/footer.png
[2017-04-02 22:58:59.808] [WARN] [default] - No request handler found for /img/footer.png
[2017-04-02 22:58:59.809] [INFO] [default] - Request for /img/cover.jpg received.
[2017-04-02 22:58:59.809] [TRACE] [default] - About to route a request for /img/cover.jpg
[2017-04-02 22:58:59.810] [INFO] [default] - 'img/cover.jpg' is requested
[2017-04-02 22:58:59.814] [INFO] [default] - Request for /img/soc_ig.png received.
[2017-04-02 22:58:59.815] [TRACE] [default] - About to route a request for /img/soc_ig.png
[2017-04-02 22:58:59.815] [WARN] [default] - No request handler found for /img/soc_ig.png
[2017-04-02 22:58:59.817] [INFO] [default] - Request for /img/soc_youtube.png received.
[2017-04-02 22:58:59.817] [TRACE] [default] - About to route a request for /img/soc_youtube.png
[2017-04-02 22:58:59.818] [WARN] [default] - No request handler found for /img/soc_youtube.png
[2017-04-02 22:58:59.819] [INFO] [default] - Request for /img/next.png received.
[2017-04-02 22:58:59.820] [TRACE] [default] - About to route a request for /img/next.png
[2017-04-02 22:58:59.820] [WARN] [default] - No request handler found for /img/next.png
[2017-04-02 22:58:59.903] [INFO] [default] - Request for /js/controllers.js received.
[2017-04-02 22:58:59.904] [TRACE] [default] - About to route a request for /js/controllers.js
[2017-04-02 22:58:59.905] [INFO] [default] - 'js/controllers.js' is requested
[2017-04-02 23:00:33.786] [INFO] [default] - Server started on port 8080
[2017-04-02 23:00:33.792] [INFO] [default] - Log level TRACE
[2017-04-02 23:00:35.035] [INFO] [default] - Request for / received.
[2017-04-02 23:00:35.037] [TRACE] [default] - About to route a request for /
[2017-04-02 23:00:35.038] [INFO] [default] - Request handler 'start' was called
[2017-04-02 23:00:36.693] [INFO] [default] - Request for /css/test-roskvartal.css received.
[2017-04-02 23:00:36.694] [TRACE] [default] - About to route a request for /css/test-roskvartal.css
[2017-04-02 23:00:36.694] [INFO] [default] - 'css/test-roskvartal.css' is requested
[2017-04-02 23:00:36.790] [INFO] [default] - Request for /img/soc_ig.png received.
[2017-04-02 23:00:36.792] [TRACE] [default] - About to route a request for /img/soc_ig.png
[2017-04-02 23:00:36.793] [WARN] [default] - No request handler found for /img/soc_ig.png
[2017-04-02 23:00:36.794] [INFO] [default] - Request for /img/footer.png received.
[2017-04-02 23:00:36.794] [TRACE] [default] - About to route a request for /img/footer.png
[2017-04-02 23:00:36.795] [INFO] [default] - 'img/footer.png' is requested
[2017-04-02 23:00:36.796] [INFO] [default] - Request for /img/soc_vk.png received.
[2017-04-02 23:00:36.796] [TRACE] [default] - About to route a request for /img/soc_vk.png
[2017-04-02 23:00:36.797] [WARN] [default] - No request handler found for /img/soc_vk.png
[2017-04-02 23:00:36.797] [INFO] [default] - Request for /img/soc_facebook.png received.
[2017-04-02 23:00:36.798] [TRACE] [default] - About to route a request for /img/soc_facebook.png
[2017-04-02 23:00:36.799] [WARN] [default] - No request handler found for /img/soc_facebook.png
[2017-04-02 23:00:36.800] [INFO] [default] - Request for /img/soc_youtube.png received.
[2017-04-02 23:00:36.803] [TRACE] [default] - About to route a request for /img/soc_youtube.png
[2017-04-02 23:00:36.803] [WARN] [default] - No request handler found for /img/soc_youtube.png
[2017-04-02 23:00:36.804] [INFO] [default] - Request for /img/cover.jpg received.
[2017-04-02 23:00:36.805] [TRACE] [default] - About to route a request for /img/cover.jpg
[2017-04-02 23:00:36.806] [INFO] [default] - 'img/cover.jpg' is requested
[2017-04-02 23:00:36.807] [INFO] [default] - Request for /img/next.png received.
[2017-04-02 23:00:36.808] [TRACE] [default] - About to route a request for /img/next.png
[2017-04-02 23:00:36.808] [WARN] [default] - No request handler found for /img/next.png
[2017-04-02 23:00:36.809] [INFO] [default] - Request for /img/logo.png received.
[2017-04-02 23:00:36.810] [TRACE] [default] - About to route a request for /img/logo.png
[2017-04-02 23:00:36.811] [INFO] [default] - 'img/logo.png' is requested
[2017-04-02 23:00:36.930] [INFO] [default] - Request for /js/controllers.js received.
[2017-04-02 23:00:36.931] [TRACE] [default] - About to route a request for /js/controllers.js
[2017-04-02 23:00:36.932] [INFO] [default] - 'js/controllers.js' is requested
[2017-04-02 23:06:20.110] [INFO] [default] - Server started on port 8080
[2017-04-02 23:06:20.116] [INFO] [default] - Log level TRACE
[2017-04-02 23:06:21.452] [INFO] [default] - Request for / received.
[2017-04-02 23:06:21.454] [TRACE] [default] - About to route a request for /
[2017-04-02 23:06:21.454] [INFO] [default] - Request handler 'start' was called
[2017-04-02 23:06:21.865] [INFO] [default] - Request for /css/test-roskvartal.css received.
[2017-04-02 23:06:21.866] [TRACE] [default] - About to route a request for /css/test-roskvartal.css
[2017-04-02 23:06:21.867] [INFO] [default] - 'css/test-roskvartal.css' is requested
[2017-04-02 23:06:21.966] [INFO] [default] - Request for /img/soc_ig.png received.
[2017-04-02 23:06:21.967] [TRACE] [default] - About to route a request for /img/soc_ig.png
[2017-04-02 23:06:21.968] [INFO] [default] - 'img/soc_ig.png' is requested
[2017-04-02 23:06:21.968] [INFO] [default] - Request for /img/soc_vk.png received.
[2017-04-02 23:06:21.970] [TRACE] [default] - About to route a request for /img/soc_vk.png
[2017-04-02 23:06:21.970] [INFO] [default] - 'img/soc_vk.png' is requested
[2017-04-02 23:06:21.971] [INFO] [default] - Request for /img/logo.png received.
[2017-04-02 23:06:21.972] [TRACE] [default] - About to route a request for /img/logo.png
[2017-04-02 23:06:21.972] [INFO] [default] - 'img/logo.png' is requested
[2017-04-02 23:06:21.972] [INFO] [default] - Request for /img/footer.png received.
[2017-04-02 23:06:21.977] [TRACE] [default] - About to route a request for /img/footer.png
[2017-04-02 23:06:21.978] [INFO] [default] - 'img/footer.png' is requested
[2017-04-02 23:06:21.979] [INFO] [default] - Request for /img/next.png received.
[2017-04-02 23:06:21.979] [TRACE] [default] - About to route a request for /img/next.png
[2017-04-02 23:06:21.980] [WARN] [default] - No request handler found for /img/next.png
[2017-04-02 23:06:21.981] [INFO] [default] - Request for /img/cover.jpg received.
[2017-04-02 23:06:21.982] [TRACE] [default] - About to route a request for /img/cover.jpg
[2017-04-02 23:06:21.982] [INFO] [default] - 'img/cover.jpg' is requested
[2017-04-02 23:06:21.983] [INFO] [default] - Request for /img/soc_facebook.png received.
[2017-04-02 23:06:21.984] [TRACE] [default] - About to route a request for /img/soc_facebook.png
[2017-04-02 23:06:21.984] [INFO] [default] - 'img/soc_facebook.png' is requested
[2017-04-02 23:06:22.000] [INFO] [default] - Request for /img/soc_youtube.png received.
[2017-04-02 23:06:22.001] [TRACE] [default] - About to route a request for /img/soc_youtube.png
[2017-04-02 23:06:22.001] [INFO] [default] - 'img/soc_youtube.png' is requested
[2017-04-02 23:06:22.086] [INFO] [default] - Request for /js/controllers.js received.
[2017-04-02 23:06:22.087] [TRACE] [default] - About to route a request for /js/controllers.js
[2017-04-02 23:06:22.088] [INFO] [default] - 'js/controllers.js' is requested
[2017-04-02 23:09:06.372] [INFO] [default] - Server started on port 8080
[2017-04-02 23:09:06.378] [INFO] [default] - Log level TRACE
[2017-04-02 23:09:07.910] [INFO] [default] - Request for / received.
[2017-04-02 23:09:07.912] [TRACE] [default] - About to route a request for /
[2017-04-02 23:09:07.912] [INFO] [default] - Request handler 'start' was called
[2017-04-02 23:09:08.151] [INFO] [default] - Request for /css/test-roskvartal.css received.
[2017-04-02 23:09:08.152] [TRACE] [default] - About to route a request for /css/test-roskvartal.css
[2017-04-02 23:09:08.153] [INFO] [default] - 'css/test-roskvartal.css' is requested
[2017-04-02 23:09:08.243] [INFO] [default] - Request for /img/logo.png received.
[2017-04-02 23:09:08.244] [TRACE] [default] - About to route a request for /img/logo.png
[2017-04-02 23:09:08.245] [INFO] [default] - 'img/logo.png' is requested
[2017-04-02 23:09:08.246] [INFO] [default] - Request for /img/soc_youtube.png received.
[2017-04-02 23:09:08.246] [TRACE] [default] - About to route a request for /img/soc_youtube.png
[2017-04-02 23:09:08.247] [INFO] [default] - 'img/soc_youtube.png' is requested
[2017-04-02 23:09:08.248] [INFO] [default] - Request for /img/footer.png received.
[2017-04-02 23:09:08.248] [TRACE] [default] - About to route a request for /img/footer.png
[2017-04-02 23:09:08.249] [INFO] [default] - 'img/footer.png' is requested
[2017-04-02 23:09:08.250] [INFO] [default] - Request for /img/soc_vk.png received.
[2017-04-02 23:09:08.250] [TRACE] [default] - About to route a request for /img/soc_vk.png
[2017-04-02 23:09:08.251] [INFO] [default] - 'img/soc_vk.png' is requested
[2017-04-02 23:09:08.251] [INFO] [default] - Request for /img/soc_facebook.png received.
[2017-04-02 23:09:08.251] [TRACE] [default] - About to route a request for /img/soc_facebook.png
[2017-04-02 23:09:08.252] [INFO] [default] - 'img/soc_facebook.png' is requested
[2017-04-02 23:09:08.253] [INFO] [default] - Request for /img/next.png received.
[2017-04-02 23:09:08.256] [TRACE] [default] - About to route a request for /img/next.png
[2017-04-02 23:09:08.257] [INFO] [default] - 'img/next.png' is requested
[2017-04-02 23:09:08.261] [INFO] [default] - Request for /img/cover.jpg received.
[2017-04-02 23:09:08.261] [TRACE] [default] - About to route a request for /img/cover.jpg
[2017-04-02 23:09:08.262] [INFO] [default] - 'img/cover.jpg' is requested
[2017-04-02 23:09:08.262] [INFO] [default] - Request for /img/soc_ig.png received.
[2017-04-02 23:09:08.263] [TRACE] [default] - About to route a request for /img/soc_ig.png
[2017-04-02 23:09:08.266] [INFO] [default] - 'img/soc_ig.png' is requested
[2017-04-02 23:09:08.359] [INFO] [default] - Request for /js/controllers.js received.
[2017-04-02 23:09:08.360] [TRACE] [default] - About to route a request for /js/controllers.js
[2017-04-02 23:09:08.360] [INFO] [default] - 'js/controllers.js' is requested
[2017-04-02 23:09:31.381] [INFO] [default] - Request for /sendAnswers received.
[2017-04-02 23:09:31.384] [TRACE] [default] - Received POST data chunk '[{"number":0,"answer":0},{"number":1,"answer":2},{"number":2,"answer":2}]'.
[2017-04-02 23:09:31.385] [TRACE] [default] - About to route a request for /sendAnswers
[2017-04-02 23:09:31.386] [WARN] [default] - No request handler found for /sendAnswers
[2017-04-02 23:09:39.180] [INFO] [default] - Request for /css/test-roskvartal.css received.
[2017-04-02 23:09:39.181] [TRACE] [default] - About to route a request for /css/test-roskvartal.css
[2017-04-02 23:09:39.181] [INFO] [default] - 'css/test-roskvartal.css' is requested
[2017-04-02 23:09:39.354] [INFO] [default] - Request for /css/test-roskvartal.css received.
[2017-04-02 23:09:39.355] [TRACE] [default] - About to route a request for /css/test-roskvartal.css
[2017-04-02 23:09:39.355] [INFO] [default] - 'css/test-roskvartal.css' is requested
[2017-04-02 23:09:42.386] [INFO] [default] - Request for /sendAnswers received.
[2017-04-02 23:09:42.390] [TRACE] [default] - Received POST data chunk '[{"number":0,"answer":0},{"number":1,"answer":2},{"number":2,"answer":2}]'.
[2017-04-02 23:09:42.390] [TRACE] [default] - About to route a request for /sendAnswers
[2017-04-02 23:09:42.390] [WARN] [default] - No request handler found for /sendAnswers
[2017-04-02 23:11:33.429] [INFO] [default] - Request for / received.
[2017-04-02 23:11:33.433] [TRACE] [default] - About to route a request for /
[2017-04-02 23:11:33.433] [INFO] [default] - Request handler 'start' was called
[2017-04-02 23:11:33.727] [INFO] [default] - Request for /css/test-roskvartal.css received.
[2017-04-02 23:11:33.728] [TRACE] [default] - About to route a request for /css/test-roskvartal.css
[2017-04-02 23:11:33.728] [INFO] [default] - 'css/test-roskvartal.css' is requested
[2017-04-02 23:11:33.907] [INFO] [default] - Request for /img/logo.png received.
[2017-04-02 23:11:33.912] [TRACE] [default] - About to route a request for /img/logo.png
[2017-04-02 23:11:33.936] [INFO] [default] - 'img/logo.png' is requested
[2017-04-02 23:11:33.938] [INFO] [default] - Request for /img/cover.jpg received.
[2017-04-02 23:11:33.948] [TRACE] [default] - About to route a request for /img/cover.jpg
[2017-04-02 23:11:33.948] [INFO] [default] - 'img/cover.jpg' is requested
[2017-04-02 23:11:33.949] [INFO] [default] - Request for /img/next.png received.
[2017-04-02 23:11:33.950] [TRACE] [default] - About to route a request for /img/next.png
[2017-04-02 23:11:33.950] [INFO] [default] - 'img/next.png' is requested
[2017-04-02 23:11:33.950] [INFO] [default] - Request for /img/footer.png received.
[2017-04-02 23:11:33.995] [TRACE] [default] - About to route a request for /img/footer.png
[2017-04-02 23:11:34.016] [INFO] [default] - 'img/footer.png' is requested
[2017-04-02 23:11:34.042] [INFO] [default] - Request for /img/soc_vk.png received.
[2017-04-02 23:11:34.057] [TRACE] [default] - About to route a request for /img/soc_vk.png
[2017-04-02 23:11:34.062] [INFO] [default] - 'img/soc_vk.png' is requested
[2017-04-02 23:11:34.062] [INFO] [default] - Request for /img/soc_facebook.png received.
[2017-04-02 23:11:34.063] [TRACE] [default] - About to route a request for /img/soc_facebook.png
[2017-04-02 23:11:34.063] [INFO] [default] - 'img/soc_facebook.png' is requested
[2017-04-02 23:11:34.068] [INFO] [default] - Request for /img/soc_youtube.png received.
[2017-04-02 23:11:34.117] [TRACE] [default] - About to route a request for /img/soc_youtube.png
[2017-04-02 23:11:34.117] [INFO] [default] - 'img/soc_youtube.png' is requested
[2017-04-02 23:11:34.117] [INFO] [default] - Request for /img/soc_ig.png received.
[2017-04-02 23:11:34.117] [TRACE] [default] - About to route a request for /img/soc_ig.png
[2017-04-02 23:11:34.117] [INFO] [default] - 'img/soc_ig.png' is requested
[2017-04-02 23:11:34.121] [INFO] [default] - Request for /js/controllers.js received.
[2017-04-02 23:11:34.250] [TRACE] [default] - About to route a request for /js/controllers.js
[2017-04-02 23:11:34.277] [INFO] [default] - 'js/controllers.js' is requested
[2017-04-02 23:11:37.849] [INFO] [default] - Server started on port 8080
[2017-04-02 23:11:37.856] [INFO] [default] - Log level TRACE
[2017-04-02 23:11:53.848] [INFO] [default] - Server started on port 8080
[2017-04-02 23:11:53.854] [INFO] [default] - Log level TRACE
[2017-04-02 23:11:55.252] [INFO] [default] - Request for / received.
[2017-04-02 23:11:55.256] [TRACE] [default] - About to route a request for /
[2017-04-02 23:11:55.257] [INFO] [default] - Request handler 'start' was called
[2017-04-02 23:11:55.579] [INFO] [default] - Request for /css/test-roskvartal.css received.
[2017-04-02 23:11:55.581] [TRACE] [default] - About to route a request for /css/test-roskvartal.css
[2017-04-02 23:11:55.582] [INFO] [default] - 'css/test-roskvartal.css' is requested
[2017-04-02 23:11:55.730] [INFO] [default] - Request for /img/soc_youtube.png received.
[2017-04-02 23:11:55.732] [TRACE] [default] - About to route a request for /img/soc_youtube.png
[2017-04-02 23:11:55.736] [INFO] [default] - 'img/soc_youtube.png' is requested
[2017-04-02 23:11:55.736] [INFO] [default] - Request for /img/cover.jpg received.
[2017-04-02 23:11:55.738] [TRACE] [default] - About to route a request for /img/cover.jpg
[2017-04-02 23:11:55.739] [INFO] [default] - 'img/cover.jpg' is requested
[2017-04-02 23:11:55.748] [INFO] [default] - Request for /img/soc_vk.png received.
[2017-04-02 23:11:55.748] [TRACE] [default] - About to route a request for /img/soc_vk.png
[2017-04-02 23:11:55.749] [INFO] [default] - 'img/soc_vk.png' is requested
[2017-04-02 23:11:55.749] [INFO] [default] - Request for /img/footer.png received.
[2017-04-02 23:11:55.750] [TRACE] [default] - About to route a request for /img/footer.png
[2017-04-02 23:11:55.763] [INFO] [default] - 'img/footer.png' is requested
[2017-04-02 23:11:55.764] [INFO] [default] - Request for /img/next.png received.
[2017-04-02 23:11:55.764] [TRACE] [default] - About to route a request for /img/next.png
[2017-04-02 23:11:55.770] [INFO] [default] - 'img/next.png' is requested
[2017-04-02 23:11:55.773] [INFO] [default] - Request for /img/logo.png received.
[2017-04-02 23:11:55.774] [TRACE] [default] - About to route a request for /img/logo.png
[2017-04-02 23:11:55.776] [INFO] [default] - 'img/logo.png' is requested
[2017-04-02 23:11:55.783] [INFO] [default] - Request for /img/soc_facebook.png received.
[2017-04-02 23:11:55.784] [TRACE] [default] - About to route a request for /img/soc_facebook.png
[2017-04-02 23:11:55.785] [INFO] [default] - 'img/soc_facebook.png' is requested
[2017-04-02 23:11:55.785] [INFO] [default] - Request for /img/soc_ig.png received.
[2017-04-02 23:11:55.786] [TRACE] [default] - About to route a request for /img/soc_ig.png
[2017-04-02 23:11:55.786] [INFO] [default] - 'img/soc_ig.png' is requested
[2017-04-02 23:11:55.906] [INFO] [default] - Request for /js/controllers.js received.
[2017-04-02 23:11:55.914] [TRACE] [default] - About to route a request for /js/controllers.js
[2017-04-02 23:11:55.915] [INFO] [default] - 'js/controllers.js' is requested
[2017-04-02 23:11:56.509] [INFO] [default] - Request for /css/test-roskvartal.css received.
[2017-04-02 23:11:56.510] [TRACE] [default] - About to route a request for /css/test-roskvartal.css
[2017-04-02 23:11:56.511] [INFO] [default] - 'css/test-roskvartal.css' is requested
[2017-04-02 23:12:07.997] [INFO] [default] - Request for /testCheck received.
[2017-04-02 23:12:08.002] [TRACE] [default] - Received POST data chunk '[{"number":0,"answer":0},{"number":1,"answer":1},{"number":2,"answer":3}]'.
[2017-04-02 23:12:08.003] [TRACE] [default] - About to route a request for /testCheck
[2017-04-02 23:14:18.975] [INFO] [default] - Server started on port 8080
[2017-04-02 23:14:18.981] [INFO] [default] - Log level TRACE
[2017-04-02 23:15:26.474] [INFO] [default] - Request for / received.
[2017-04-02 23:15:26.476] [TRACE] [default] - About to route a request for /
[2017-04-02 23:15:26.477] [INFO] [default] - Request handler 'start' was called
[2017-04-02 23:15:26.606] [INFO] [default] - Request for /css/test-roskvartal.css received.
[2017-04-02 23:15:26.607] [TRACE] [default] - About to route a request for /css/test-roskvartal.css
[2017-04-02 23:15:26.608] [INFO] [default] - 'css/test-roskvartal.css' is requested
[2017-04-02 23:15:26.630] [INFO] [default] - Request for /js/controllers.js received.
[2017-04-02 23:15:26.631] [TRACE] [default] - About to route a request for /js/controllers.js
[2017-04-02 23:15:26.631] [INFO] [default] - 'js/controllers.js' is requested
[2017-04-02 23:15:27.040] [INFO] [default] - Request for /img/logo.png received.
[2017-04-02 23:15:27.041] [TRACE] [default] - About to route a request for /img/logo.png
[2017-04-02 23:15:27.042] [INFO] [default] - 'img/logo.png' is requested
[2017-04-02 23:15:27.101] [INFO] [default] - Request for /img/cover.jpg received.
[2017-04-02 23:15:27.101] [TRACE] [default] - About to route a request for /img/cover.jpg
[2017-04-02 23:15:27.103] [INFO] [default] - 'img/cover.jpg' is requested
[2017-04-02 23:15:27.171] [INFO] [default] - Request for /img/next.png received.
[2017-04-02 23:15:27.172] [TRACE] [default] - About to route a request for /img/next.png
[2017-04-02 23:15:27.172] [INFO] [default] - 'img/next.png' is requested
[2017-04-02 23:15:27.173] [INFO] [default] - Request for /img/footer.png received.
[2017-04-02 23:15:27.174] [TRACE] [default] - About to route a request for /img/footer.png
[2017-04-02 23:15:27.174] [INFO] [default] - 'img/footer.png' is requested
[2017-04-02 23:15:27.175] [INFO] [default] - Request for /img/soc_vk.png received.
[2017-04-02 23:15:27.176] [TRACE] [default] - About to route a request for /img/soc_vk.png
[2017-04-02 23:15:27.176] [INFO] [default] - 'img/soc_vk.png' is requested
[2017-04-02 23:15:27.181] [INFO] [default] - Request for /img/soc_facebook.png received.
[2017-04-02 23:15:27.182] [TRACE] [default] - About to route a request for /img/soc_facebook.png
[2017-04-02 23:15:27.183] [INFO] [default] - 'img/soc_facebook.png' is requested
[2017-04-02 23:15:27.268] [INFO] [default] - Request for /img/soc_youtube.png received.
[2017-04-02 23:15:27.269] [TRACE] [default] - About to route a request for /img/soc_youtube.png
[2017-04-02 23:15:27.270] [INFO] [default] - 'img/soc_youtube.png' is requested
[2017-04-02 23:15:27.270] [INFO] [default] - Request for /img/soc_ig.png received.
[2017-04-02 23:15:27.271] [TRACE] [default] - About to route a request for /img/soc_ig.png
[2017-04-02 23:15:27.271] [INFO] [default] - 'img/soc_ig.png' is requested
[2017-04-02 23:15:28.658] [INFO] [default] - Request for /favicon.ico received.
[2017-04-02 23:15:28.659] [TRACE] [default] - About to route a request for /favicon.ico
[2017-04-02 23:15:28.660] [WARN] [default] - No request handler found for /favicon.ico
[2017-04-02 23:15:41.346] [INFO] [default] - Request for /testCheck received.
[2017-04-02 23:15:41.348] [TRACE] [default] - Received POST data chunk '[{"number":0,"answer":0},{"number":1,"answer":0},{"number":2,"answer":0}]'.
[2017-04-02 23:15:41.349] [TRACE] [default] - About to route a request for /testCheck
[2017-04-02 23:20:55.984] [INFO] [default] - Request for / received.
[2017-04-02 23:20:55.985] [TRACE] [default] - About to route a request for /
[2017-04-02 23:20:55.985] [INFO] [default] - Request handler 'start' was called
[2017-04-02 23:21:04.258] [INFO] [default] - Request for /testCheck received.
[2017-04-02 23:21:04.261] [TRACE] [default] - Received POST data chunk '[{"number":0,"answer":0},{"number":1,"answer":1},{"number":2,"answer":1}]'.
[2017-04-02 23:21:04.261] [TRACE] [default] - About to route a request for /testCheck
[2017-04-02 23:21:12.263] [INFO] [default] - Request for / received.
[2017-04-02 23:21:12.264] [TRACE] [default] - About to route a request for /
[2017-04-02 23:21:12.264] [INFO] [default] - Request handler 'start' was called
[2017-04-02 23:21:12.435] [INFO] [default] - Request for /css/test-roskvartal.css received.
[2017-04-02 23:21:12.436] [TRACE] [default] - About to route a request for /css/test-roskvartal.css
[2017-04-02 23:21:12.436] [INFO] [default] - 'css/test-roskvartal.css' is requested
[2017-04-02 23:21:12.437] [INFO] [default] - Request for /js/controllers.js received.
[2017-04-02 23:21:12.437] [TRACE] [default] - About to route a request for /js/controllers.js
[2017-04-02 23:21:12.437] [INFO] [default] - 'js/controllers.js' is requested
[2017-04-02 23:21:12.851] [INFO] [default] - Request for /img/logo.png received.
[2017-04-02 23:21:12.852] [TRACE] [default] - About to route a request for /img/logo.png
[2017-04-02 23:21:12.852] [INFO] [default] - 'img/logo.png' is requested
[2017-04-02 23:21:12.860] [INFO] [default] - Request for /img/cover.jpg received.
[2017-04-02 23:21:12.862] [TRACE] [default] - About to route a request for /img/cover.jpg
[2017-04-02 23:21:12.863] [INFO] [default] - 'img/cover.jpg' is requested
[2017-04-02 23:21:12.864] [INFO] [default] - Request for /img/next.png received.
[2017-04-02 23:21:12.864] [TRACE] [default] - About to route a request for /img/next.png
[2017-04-02 23:21:12.864] [INFO] [default] - 'img/next.png' is requested
[2017-04-02 23:21:12.869] [INFO] [default] - Request for /img/footer.png received.
[2017-04-02 23:21:12.871] [TRACE] [default] - About to route a request for /img/footer.png
[2017-04-02 23:21:12.873] [INFO] [default] - 'img/footer.png' is requested
[2017-04-02 23:21:12.874] [INFO] [default] - Request for /img/soc_facebook.png received.
[2017-04-02 23:21:12.874] [TRACE] [default] - About to route a request for /img/soc_facebook.png
[2017-04-02 23:21:12.874] [INFO] [default] - 'img/soc_facebook.png' is requested
[2017-04-02 23:21:12.875] [INFO] [default] - Request for /img/soc_vk.png received.
[2017-04-02 23:21:12.875] [TRACE] [default] - About to route a request for /img/soc_vk.png
[2017-04-02 23:21:12.875] [INFO] [default] - 'img/soc_vk.png' is requested
[2017-04-02 23:21:12.876] [INFO] [default] - Request for /img/soc_youtube.png received.
[2017-04-02 23:21:12.876] [TRACE] [default] - About to route a request for /img/soc_youtube.png
[2017-04-02 23:21:12.876] [INFO] [default] - 'img/soc_youtube.png' is requested
[2017-04-02 23:21:12.879] [INFO] [default] - Request for /img/soc_ig.png received.
[2017-04-02 23:21:12.880] [TRACE] [default] - About to route a request for /img/soc_ig.png
[2017-04-02 23:21:12.880] [INFO] [default] - 'img/soc_ig.png' is requested
[2017-04-02 23:21:20.478] [INFO] [default] - Request for /testCheck received.
[2017-04-02 23:21:20.479] [TRACE] [default] - Received POST data chunk '[{"number":0,"answer":0},{"number":1,"answer":2},{"number":2,"answer":2}]'.
[2017-04-02 23:21:20.480] [TRACE] [default] - About to route a request for /testCheck
[2017-04-02 23:21:33.683] [INFO] [default] - Request for /testCheck received.
[2017-04-02 23:21:33.684] [TRACE] [default] - Received POST data chunk '[{"number":0,"answer":0},{"number":1,"answer":1},{"number":2,"answer":1}]'.
[2017-04-02 23:21:33.685] [TRACE] [default] - About to route a request for /testCheck
